  [1m[36mActiveRecord::SchemaMigration Pluck (2.1ms)[0m  [1m[34mSELECT "schema_migrations"."version" FROM "schema_migrations" ORDER BY "schema_migrations"."version" ASC[0m
  [1m[36mActiveRecord::InternalMetadata Pluck (0.3ms)[0m  [1m[34mSELECT "ar_internal_metadata"."value" FROM "ar_internal_metadata" WHERE "ar_internal_metadata"."key" = $1 LIMIT $2[0m  [["key", "environment"], ["LIMIT", 1]]
  [1m[36mActiveRecord::SchemaMigration Pluck (2.0ms)[0m  [1m[34mSELECT "schema_migrations"."version" FROM "schema_migrations" ORDER BY "schema_migrations"."version" ASC[0m
  [1m[36mActiveRecord::InternalMetadata Pluck (0.4ms)[0m  [1m[34mSELECT "ar_internal_metadata"."value" FROM "ar_internal_metadata" WHERE "ar_internal_metadata"."key" = $1 LIMIT $2[0m  [["key", "environment"], ["LIMIT", 1]]
  [1m[36mActiveRecord::SchemaMigration Pluck (0.2ms)[0m  [1m[34mSELECT "schema_migrations"."version" FROM "schema_migrations" ORDER BY "schema_migrations"."version" ASC[0m
  [1m[36mActiveRecord::InternalMetadata Pluck (0.2ms)[0m  [1m[34mSELECT "ar_internal_metadata"."value" FROM "ar_internal_metadata" WHERE "ar_internal_metadata"."key" = $1 LIMIT $2[0m  [["key", "environment"], ["LIMIT", 1]]
  [1m[35m (27.6ms)[0m  [1m[35mDROP DATABASE IF EXISTS "example_project_development"[0m
  [1m[35m (21.1ms)[0m  [1m[35mDROP DATABASE IF EXISTS "example_project_test"[0m
  [1m[35m (132.9ms)[0m  [1m[35mCREATE DATABASE "example_project_development" ENCODING = 'unicode'[0m
  [1m[35m (45.2ms)[0m  [1m[35mCREATE DATABASE "example_project_test" ENCODING = 'unicode'[0m
  [1m[35m (6.5ms)[0m  [1m[35mCREATE TABLE "schema_migrations" ("version" character varying NOT NULL PRIMARY KEY)[0m
  [1m[35m (2.6ms)[0m  [1m[35mCREATE TABLE "ar_internal_metadata" ("key" character varying NOT NULL PRIMARY KEY, "value" character varying, "created_at" timestamp(6) NOT NULL, "updated_at" timestamp(6) NOT NULL)[0m
  [1m[35m (0.2ms)[0m  [1m[34mSELECT pg_try_advisory_lock(6888379283319862860)[0m
  [1m[36mActiveRecord::SchemaMigration Pluck (0.4ms)[0m  [1m[34mSELECT "schema_migrations"."version" FROM "schema_migrations" ORDER BY "schema_migrations"."version" ASC[0m
Migrating to CreateUsers (20230217000357)
  [1m[36mTRANSACTION (0.1ms)[0m  [1m[35mBEGIN[0m
  [1m[35m (2.9ms)[0m  [1m[35mCREATE TABLE "users" ("id" bigserial primary key, "username" character varying, "password_digest" character varying, "location" character varying)[0m
  [1m[36mActiveRecord::SchemaMigration Create (0.3ms)[0m  [1m[32mINSERT INTO "schema_migrations" ("version") VALUES ($1) RETURNING "version"[0m  [["version", "20230217000357"]]
  [1m[36mTRANSACTION (0.3ms)[0m  [1m[35mCOMMIT[0m
Migrating to CreateExperiences (20230217000602)
  [1m[36mTRANSACTION (0.2ms)[0m  [1m[35mBEGIN[0m
  [1m[35m (2.1ms)[0m  [1m[35mCREATE TABLE "experiences" ("id" bigserial primary key, "title" character varying, "activity" character varying, "description" character varying, "rating" integer, "destination_id" integer, "user_id" integer)[0m
  [1m[36mActiveRecord::SchemaMigration Create (0.2ms)[0m  [1m[32mINSERT INTO "schema_migrations" ("version") VALUES ($1) RETURNING "version"[0m  [["version", "20230217000602"]]
  [1m[36mTRANSACTION (0.3ms)[0m  [1m[35mCOMMIT[0m
Migrating to CreateDestinations (20230217000608)
  [1m[36mTRANSACTION (0.3ms)[0m  [1m[35mBEGIN[0m
  [1m[35m (3.1ms)[0m  [1m[35mCREATE TABLE "destinations" ("id" bigserial primary key, "place_name" character varying, "city" character varying, "region" character varying, "country" character varying)[0m
  [1m[36mActiveRecord::SchemaMigration Create (0.2ms)[0m  [1m[32mINSERT INTO "schema_migrations" ("version") VALUES ($1) RETURNING "version"[0m  [["version", "20230217000608"]]
  [1m[36mTRANSACTION (0.3ms)[0m  [1m[35mCOMMIT[0m
  [1m[36mActiveRecord::InternalMetadata Load (0.2ms)[0m  [1m[34mSELECT "ar_internal_metadata".* FROM "ar_internal_metadata" WHERE "ar_internal_metadata"."key" = $1 LIMIT $2[0m  [["key", "environment"], ["LIMIT", 1]]
  [1m[36mTRANSACTION (0.0ms)[0m  [1m[35mBEGIN[0m
  [1m[36mActiveRecord::InternalMetadata Create (0.5ms)[0m  [1m[32mINSERT INTO "ar_internal_metadata" ("key", "value", "created_at", "updated_at") VALUES ($1, $2, $3, $4) RETURNING "key"[0m  [["key", "environment"], ["value", "development"], ["created_at", "2023-02-17 01:34:44.815680"], ["updated_at", "2023-02-17 01:34:44.815680"]]
  [1m[36mTRANSACTION (0.2ms)[0m  [1m[35mCOMMIT[0m
  [1m[35m (0.2ms)[0m  [1m[34mSELECT pg_advisory_unlock(6888379283319862860)[0m
  [1m[36mActiveRecord::SchemaMigration Pluck (0.5ms)[0m  [1m[34mSELECT "schema_migrations"."version" FROM "schema_migrations" ORDER BY "schema_migrations"."version" ASC[0m
  [1m[36mActiveRecord::SchemaMigration Pluck (1.1ms)[0m  [1m[34mSELECT "schema_migrations"."version" FROM "schema_migrations" ORDER BY "schema_migrations"."version" ASC[0m
  [1m[36mActiveRecord::SchemaMigration Pluck (0.9ms)[0m  [1m[34mSELECT "schema_migrations"."version" FROM "schema_migrations" ORDER BY "schema_migrations"."version" ASC[0m
  [1m[36mActiveRecord::InternalMetadata Pluck (0.2ms)[0m  [1m[34mSELECT "ar_internal_metadata"."value" FROM "ar_internal_metadata" WHERE "ar_internal_metadata"."key" = $1 LIMIT $2[0m  [["key", "environment"], ["LIMIT", 1]]
  [1m[36mActiveRecord::SchemaMigration Pluck (0.2ms)[0m  [1m[34mSELECT "schema_migrations"."version" FROM "schema_migrations" ORDER BY "schema_migrations"."version" ASC[0m
  [1m[36mActiveRecord::InternalMetadata Pluck (0.2ms)[0m  [1m[34mSELECT "ar_internal_metadata"."value" FROM "ar_internal_metadata" WHERE "ar_internal_metadata"."key" = $1 LIMIT $2[0m  [["key", "environment"], ["LIMIT", 1]]
  [1m[36mActiveRecord::SchemaMigration Pluck (0.1ms)[0m  [1m[34mSELECT "schema_migrations"."version" FROM "schema_migrations" ORDER BY "schema_migrations"."version" ASC[0m
  [1m[36mActiveRecord::InternalMetadata Pluck (0.1ms)[0m  [1m[34mSELECT "ar_internal_metadata"."value" FROM "ar_internal_metadata" WHERE "ar_internal_metadata"."key" = $1 LIMIT $2[0m  [["key", "environment"], ["LIMIT", 1]]
  [1m[35m (28.3ms)[0m  [1m[35mDROP DATABASE IF EXISTS "example_project_development"[0m
  [1m[35m (17.4ms)[0m  [1m[35mDROP DATABASE IF EXISTS "example_project_test"[0m
  [1m[35m (37.4ms)[0m  [1m[35mCREATE DATABASE "example_project_development" ENCODING = 'unicode'[0m
  [1m[35m (36.9ms)[0m  [1m[35mCREATE DATABASE "example_project_test" ENCODING = 'unicode'[0m
  [1m[35mSQL (0.1ms)[0m  [1m[35mCREATE EXTENSION IF NOT EXISTS "plpgsql"[0m
  [1m[35m (0.0ms)[0m  [1m[35mDROP TABLE IF EXISTS "destinations" CASCADE[0m
  [1m[35m (1.9ms)[0m  [1m[35mCREATE TABLE "destinations" ("id" bigserial primary key, "place_name" character varying, "city" character varying, "region" character varying, "country" character varying)[0m
  [1m[35m (0.1ms)[0m  [1m[35mDROP TABLE IF EXISTS "experiences" CASCADE[0m
  [1m[35m (0.8ms)[0m  [1m[35mCREATE TABLE "experiences" ("id" bigserial primary key, "title" character varying, "activity" character varying, "description" character varying, "rating" integer, "destination_id" integer, "user_id" integer)[0m
  [1m[35m (0.1ms)[0m  [1m[35mDROP TABLE IF EXISTS "users" CASCADE[0m
  [1m[35m (0.8ms)[0m  [1m[35mCREATE TABLE "users" ("id" bigserial primary key, "username" character varying, "password_digest" character varying, "location" character varying)[0m
  [1m[35m (0.8ms)[0m  [1m[35mCREATE TABLE "schema_migrations" ("version" character varying NOT NULL PRIMARY KEY)[0m
  [1m[36mActiveRecord::SchemaMigration Pluck (0.1ms)[0m  [1m[34mSELECT "schema_migrations"."version" FROM "schema_migrations" ORDER BY "schema_migrations"."version" ASC[0m
  [1m[35m (0.2ms)[0m  [1m[32mINSERT INTO "schema_migrations" (version) VALUES (20230217000608)[0m
  [1m[35m (0.1ms)[0m  [1m[32mINSERT INTO "schema_migrations" (version) VALUES
(20230217000357),
(20230217000602);

[0m
  [1m[35m (0.8ms)[0m  [1m[35mCREATE TABLE "ar_internal_metadata" ("key" character varying NOT NULL PRIMARY KEY, "value" character varying, "created_at" timestamp(6) NOT NULL, "updated_at" timestamp(6) NOT NULL)[0m
  [1m[36mActiveRecord::InternalMetadata Load (0.1ms)[0m  [1m[34mSELECT "ar_internal_metadata".* FROM "ar_internal_metadata" WHERE "ar_internal_metadata"."key" = $1 LIMIT $2[0m  [["key", "environment"], ["LIMIT", 1]]
  [1m[36mTRANSACTION (0.1ms)[0m  [1m[35mBEGIN[0m
  [1m[36mActiveRecord::InternalMetadata Create (0.2ms)[0m  [1m[32mINSERT INTO "ar_internal_metadata" ("key", "value", "created_at", "updated_at") VALUES ($1, $2, $3, $4) RETURNING "key"[0m  [["key", "environment"], ["value", "development"], ["created_at", "2023-02-17 01:36:12.575720"], ["updated_at", "2023-02-17 01:36:12.575720"]]
  [1m[36mTRANSACTION (0.1ms)[0m  [1m[35mCOMMIT[0m
  [1m[36mActiveRecord::InternalMetadata Load (0.0ms)[0m  [1m[34mSELECT "ar_internal_metadata".* FROM "ar_internal_metadata" WHERE "ar_internal_metadata"."key" = $1 LIMIT $2[0m  [["key", "environment"], ["LIMIT", 1]]
  [1m[36mActiveRecord::InternalMetadata Load (0.0ms)[0m  [1m[34mSELECT "ar_internal_metadata".* FROM "ar_internal_metadata" WHERE "ar_internal_metadata"."key" = $1 LIMIT $2[0m  [["key", "schema_sha1"], ["LIMIT", 1]]
  [1m[36mTRANSACTION (0.0ms)[0m  [1m[35mBEGIN[0m
  [1m[36mActiveRecord::InternalMetadata Create (0.1ms)[0m  [1m[32mINSERT INTO "ar_internal_metadata" ("key", "value", "created_at", "updated_at") VALUES ($1, $2, $3, $4) RETURNING "key"[0m  [["key", "schema_sha1"], ["value", "36dc60f7dc53dbd5bdda44a63d081c908d65e248"], ["created_at", "2023-02-17 01:36:12.578324"], ["updated_at", "2023-02-17 01:36:12.578324"]]
  [1m[36mTRANSACTION (0.1ms)[0m  [1m[35mCOMMIT[0m
  [1m[35mSQL (0.1ms)[0m  [1m[35mCREATE EXTENSION IF NOT EXISTS "plpgsql"[0m
  [1m[35m (0.0ms)[0m  [1m[35mDROP TABLE IF EXISTS "destinations" CASCADE[0m
  [1m[35m (2.3ms)[0m  [1m[35mCREATE TABLE "destinations" ("id" bigserial primary key, "place_name" character varying, "city" character varying, "region" character varying, "country" character varying)[0m
  [1m[35m (0.1ms)[0m  [1m[35mDROP TABLE IF EXISTS "experiences" CASCADE[0m
  [1m[35m (0.8ms)[0m  [1m[35mCREATE TABLE "experiences" ("id" bigserial primary key, "title" character varying, "activity" character varying, "description" character varying, "rating" integer, "destination_id" integer, "user_id" integer)[0m
  [1m[35m (0.1ms)[0m  [1m[35mDROP TABLE IF EXISTS "users" CASCADE[0m
  [1m[35m (1.0ms)[0m  [1m[35mCREATE TABLE "users" ("id" bigserial primary key, "username" character varying, "password_digest" character varying, "location" character varying)[0m
  [1m[35m (1.2ms)[0m  [1m[35mCREATE TABLE "schema_migrations" ("version" character varying NOT NULL PRIMARY KEY)[0m
  [1m[36mActiveRecord::SchemaMigration Pluck (0.1ms)[0m  [1m[34mSELECT "schema_migrations"."version" FROM "schema_migrations" ORDER BY "schema_migrations"."version" ASC[0m
  [1m[35m (0.1ms)[0m  [1m[32mINSERT INTO "schema_migrations" (version) VALUES (20230217000608)[0m
  [1m[35m (0.1ms)[0m  [1m[32mINSERT INTO "schema_migrations" (version) VALUES
(20230217000357),
(20230217000602);

[0m
  [1m[35m (0.8ms)[0m  [1m[35mCREATE TABLE "ar_internal_metadata" ("key" character varying NOT NULL PRIMARY KEY, "value" character varying, "created_at" timestamp(6) NOT NULL, "updated_at" timestamp(6) NOT NULL)[0m
  [1m[36mActiveRecord::InternalMetadata Load (0.1ms)[0m  [1m[34mSELECT "ar_internal_metadata".* FROM "ar_internal_metadata" WHERE "ar_internal_metadata"."key" = $1 LIMIT $2[0m  [["key", "environment"], ["LIMIT", 1]]
  [1m[36mTRANSACTION (0.0ms)[0m  [1m[35mBEGIN[0m
  [1m[36mActiveRecord::InternalMetadata Create (0.1ms)[0m  [1m[32mINSERT INTO "ar_internal_metadata" ("key", "value", "created_at", "updated_at") VALUES ($1, $2, $3, $4) RETURNING "key"[0m  [["key", "environment"], ["value", "development"], ["created_at", "2023-02-17 01:36:12.599073"], ["updated_at", "2023-02-17 01:36:12.599073"]]
  [1m[36mTRANSACTION (0.1ms)[0m  [1m[35mCOMMIT[0m
  [1m[36mActiveRecord::InternalMetadata Load (0.0ms)[0m  [1m[34mSELECT "ar_internal_metadata".* FROM "ar_internal_metadata" WHERE "ar_internal_metadata"."key" = $1 LIMIT $2[0m  [["key", "environment"], ["LIMIT", 1]]
  [1m[36mTRANSACTION (0.0ms)[0m  [1m[35mBEGIN[0m
  [1m[36mActiveRecord::InternalMetadata Update (0.1ms)[0m  [1m[33mUPDATE "ar_internal_metadata" SET "value" = $1, "updated_at" = $2 WHERE "ar_internal_metadata"."key" = $3[0m  [["value", "test"], ["updated_at", "2023-02-17 01:36:12.601059"], ["key", "environment"]]
  [1m[36mTRANSACTION (0.1ms)[0m  [1m[35mCOMMIT[0m
  [1m[36mActiveRecord::InternalMetadata Load (0.1ms)[0m  [1m[34mSELECT "ar_internal_metadata".* FROM "ar_internal_metadata" WHERE "ar_internal_metadata"."key" = $1 LIMIT $2[0m  [["key", "schema_sha1"], ["LIMIT", 1]]
  [1m[36mTRANSACTION (0.0ms)[0m  [1m[35mBEGIN[0m
  [1m[36mActiveRecord::InternalMetadata Create (0.1ms)[0m  [1m[32mINSERT INTO "ar_internal_metadata" ("key", "value", "created_at", "updated_at") VALUES ($1, $2, $3, $4) RETURNING "key"[0m  [["key", "schema_sha1"], ["value", "36dc60f7dc53dbd5bdda44a63d081c908d65e248"], ["created_at", "2023-02-17 01:36:12.602856"], ["updated_at", "2023-02-17 01:36:12.602856"]]
  [1m[36mTRANSACTION (0.1ms)[0m  [1m[35mCOMMIT[0m
  [1m[36mActiveRecord::SchemaMigration Pluck (0.2ms)[0m  [1m[34mSELECT "schema_migrations"."version" FROM "schema_migrations" ORDER BY "schema_migrations"."version" ASC[0m
  [1m[36mActiveRecord::SchemaMigration Pluck (0.7ms)[0m  [1m[34mSELECT "schema_migrations"."version" FROM "schema_migrations" ORDER BY "schema_migrations"."version" ASC[0m
  [1m[36mActiveRecord::InternalMetadata Pluck (0.2ms)[0m  [1m[34mSELECT "ar_internal_metadata"."value" FROM "ar_internal_metadata" WHERE "ar_internal_metadata"."key" = $1 LIMIT $2[0m  [["key", "environment"], ["LIMIT", 1]]
  [1m[36mActiveRecord::SchemaMigration Pluck (0.1ms)[0m  [1m[34mSELECT "schema_migrations"."version" FROM "schema_migrations" ORDER BY "schema_migrations"."version" ASC[0m
  [1m[36mActiveRecord::InternalMetadata Pluck (0.1ms)[0m  [1m[34mSELECT "ar_internal_metadata"."value" FROM "ar_internal_metadata" WHERE "ar_internal_metadata"."key" = $1 LIMIT $2[0m  [["key", "environment"], ["LIMIT", 1]]
  [1m[36mActiveRecord::SchemaMigration Pluck (0.1ms)[0m  [1m[34mSELECT "schema_migrations"."version" FROM "schema_migrations" ORDER BY "schema_migrations"."version" ASC[0m
  [1m[36mActiveRecord::InternalMetadata Pluck (0.1ms)[0m  [1m[34mSELECT "ar_internal_metadata"."value" FROM "ar_internal_metadata" WHERE "ar_internal_metadata"."key" = $1 LIMIT $2[0m  [["key", "environment"], ["LIMIT", 1]]
  [1m[35m (26.8ms)[0m  [1m[35mDROP DATABASE IF EXISTS "example_project_development"[0m
  [1m[35m (17.4ms)[0m  [1m[35mDROP DATABASE IF EXISTS "example_project_test"[0m
  [1m[35m (94.2ms)[0m  [1m[35mCREATE DATABASE "example_project_development" ENCODING = 'unicode'[0m
  [1m[35m (34.1ms)[0m  [1m[35mCREATE DATABASE "example_project_test" ENCODING = 'unicode'[0m
  [1m[35mSQL (0.1ms)[0m  [1m[35mCREATE EXTENSION IF NOT EXISTS "plpgsql"[0m
  [1m[35m (0.0ms)[0m  [1m[35mDROP TABLE IF EXISTS "destinations" CASCADE[0m
  [1m[35m (2.1ms)[0m  [1m[35mCREATE TABLE "destinations" ("id" bigserial primary key, "place_name" character varying, "city" character varying, "region" character varying, "country" character varying)[0m
  [1m[35m (0.1ms)[0m  [1m[35mDROP TABLE IF EXISTS "experiences" CASCADE[0m
  [1m[35m (0.9ms)[0m  [1m[35mCREATE TABLE "experiences" ("id" bigserial primary key, "title" character varying, "activity" character varying, "description" character varying, "rating" integer, "destination_id" integer, "user_id" integer)[0m
  [1m[35m (0.1ms)[0m  [1m[35mDROP TABLE IF EXISTS "users" CASCADE[0m
  [1m[35m (1.0ms)[0m  [1m[35mCREATE TABLE "users" ("id" bigserial primary key, "username" character varying, "password_digest" character varying, "location" character varying)[0m
  [1m[35m (0.7ms)[0m  [1m[35mCREATE TABLE "schema_migrations" ("version" character varying NOT NULL PRIMARY KEY)[0m
  [1m[36mActiveRecord::SchemaMigration Pluck (0.1ms)[0m  [1m[34mSELECT "schema_migrations"."version" FROM "schema_migrations" ORDER BY "schema_migrations"."version" ASC[0m
  [1m[35m (0.1ms)[0m  [1m[32mINSERT INTO "schema_migrations" (version) VALUES (20230217000608)[0m
  [1m[35m (0.1ms)[0m  [1m[32mINSERT INTO "schema_migrations" (version) VALUES
(20230217000357),
(20230217000602);

[0m
  [1m[35m (0.8ms)[0m  [1m[35mCREATE TABLE "ar_internal_metadata" ("key" character varying NOT NULL PRIMARY KEY, "value" character varying, "created_at" timestamp(6) NOT NULL, "updated_at" timestamp(6) NOT NULL)[0m
  [1m[36mActiveRecord::InternalMetadata Load (0.1ms)[0m  [1m[34mSELECT "ar_internal_metadata".* FROM "ar_internal_metadata" WHERE "ar_internal_metadata"."key" = $1 LIMIT $2[0m  [["key", "environment"], ["LIMIT", 1]]
  [1m[36mTRANSACTION (0.1ms)[0m  [1m[35mBEGIN[0m
  [1m[36mActiveRecord::InternalMetadata Create (0.2ms)[0m  [1m[32mINSERT INTO "ar_internal_metadata" ("key", "value", "created_at", "updated_at") VALUES ($1, $2, $3, $4) RETURNING "key"[0m  [["key", "environment"], ["value", "development"], ["created_at", "2023-02-17 01:42:50.291326"], ["updated_at", "2023-02-17 01:42:50.291326"]]
  [1m[36mTRANSACTION (0.1ms)[0m  [1m[35mCOMMIT[0m
  [1m[36mActiveRecord::InternalMetadata Load (0.1ms)[0m  [1m[34mSELECT "ar_internal_metadata".* FROM "ar_internal_metadata" WHERE "ar_internal_metadata"."key" = $1 LIMIT $2[0m  [["key", "environment"], ["LIMIT", 1]]
  [1m[36mActiveRecord::InternalMetadata Load (0.1ms)[0m  [1m[34mSELECT "ar_internal_metadata".* FROM "ar_internal_metadata" WHERE "ar_internal_metadata"."key" = $1 LIMIT $2[0m  [["key", "schema_sha1"], ["LIMIT", 1]]
  [1m[36mTRANSACTION (0.0ms)[0m  [1m[35mBEGIN[0m
  [1m[36mActiveRecord::InternalMetadata Create (0.1ms)[0m  [1m[32mINSERT INTO "ar_internal_metadata" ("key", "value", "created_at", "updated_at") VALUES ($1, $2, $3, $4) RETURNING "key"[0m  [["key", "schema_sha1"], ["value", "36dc60f7dc53dbd5bdda44a63d081c908d65e248"], ["created_at", "2023-02-17 01:42:50.293987"], ["updated_at", "2023-02-17 01:42:50.293987"]]
  [1m[36mTRANSACTION (0.1ms)[0m  [1m[35mCOMMIT[0m
  [1m[35mSQL (0.1ms)[0m  [1m[35mCREATE EXTENSION IF NOT EXISTS "plpgsql"[0m
  [1m[35m (0.0ms)[0m  [1m[35mDROP TABLE IF EXISTS "destinations" CASCADE[0m
  [1m[35m (2.8ms)[0m  [1m[35mCREATE TABLE "destinations" ("id" bigserial primary key, "place_name" character varying, "city" character varying, "region" character varying, "country" character varying)[0m
  [1m[35m (0.1ms)[0m  [1m[35mDROP TABLE IF EXISTS "experiences" CASCADE[0m
  [1m[35m (2.4ms)[0m  [1m[35mCREATE TABLE "experiences" ("id" bigserial primary key, "title" character varying, "activity" character varying, "description" character varying, "rating" integer, "destination_id" integer, "user_id" integer)[0m
  [1m[35m (0.1ms)[0m  [1m[35mDROP TABLE IF EXISTS "users" CASCADE[0m
  [1m[35m (1.5ms)[0m  [1m[35mCREATE TABLE "users" ("id" bigserial primary key, "username" character varying, "password_digest" character varying, "location" character varying)[0m
  [1m[35m (0.8ms)[0m  [1m[35mCREATE TABLE "schema_migrations" ("version" character varying NOT NULL PRIMARY KEY)[0m
  [1m[36mActiveRecord::SchemaMigration Pluck (0.1ms)[0m  [1m[34mSELECT "schema_migrations"."version" FROM "schema_migrations" ORDER BY "schema_migrations"."version" ASC[0m
  [1m[35m (0.2ms)[0m  [1m[32mINSERT INTO "schema_migrations" (version) VALUES (20230217000608)[0m
  [1m[35m (0.1ms)[0m  [1m[32mINSERT INTO "schema_migrations" (version) VALUES
(20230217000357),
(20230217000602);

[0m
  [1m[35m (0.8ms)[0m  [1m[35mCREATE TABLE "ar_internal_metadata" ("key" character varying NOT NULL PRIMARY KEY, "value" character varying, "created_at" timestamp(6) NOT NULL, "updated_at" timestamp(6) NOT NULL)[0m
  [1m[36mActiveRecord::InternalMetadata Load (0.1ms)[0m  [1m[34mSELECT "ar_internal_metadata".* FROM "ar_internal_metadata" WHERE "ar_internal_metadata"."key" = $1 LIMIT $2[0m  [["key", "environment"], ["LIMIT", 1]]
  [1m[36mTRANSACTION (0.0ms)[0m  [1m[35mBEGIN[0m
  [1m[36mActiveRecord::InternalMetadata Create (0.1ms)[0m  [1m[32mINSERT INTO "ar_internal_metadata" ("key", "value", "created_at", "updated_at") VALUES ($1, $2, $3, $4) RETURNING "key"[0m  [["key", "environment"], ["value", "development"], ["created_at", "2023-02-17 01:42:50.314024"], ["updated_at", "2023-02-17 01:42:50.314024"]]
  [1m[36mTRANSACTION (0.1ms)[0m  [1m[35mCOMMIT[0m
  [1m[36mActiveRecord::InternalMetadata Load (0.0ms)[0m  [1m[34mSELECT "ar_internal_metadata".* FROM "ar_internal_metadata" WHERE "ar_internal_metadata"."key" = $1 LIMIT $2[0m  [["key", "environment"], ["LIMIT", 1]]
  [1m[36mTRANSACTION (0.0ms)[0m  [1m[35mBEGIN[0m
  [1m[36mActiveRecord::InternalMetadata Update (0.1ms)[0m  [1m[33mUPDATE "ar_internal_metadata" SET "value" = $1, "updated_at" = $2 WHERE "ar_internal_metadata"."key" = $3[0m  [["value", "test"], ["updated_at", "2023-02-17 01:42:50.315591"], ["key", "environment"]]
  [1m[36mTRANSACTION (0.1ms)[0m  [1m[35mCOMMIT[0m
  [1m[36mActiveRecord::InternalMetadata Load (0.0ms)[0m  [1m[34mSELECT "ar_internal_metadata".* FROM "ar_internal_metadata" WHERE "ar_internal_metadata"."key" = $1 LIMIT $2[0m  [["key", "schema_sha1"], ["LIMIT", 1]]
  [1m[36mTRANSACTION (0.0ms)[0m  [1m[35mBEGIN[0m
  [1m[36mActiveRecord::InternalMetadata Create (0.1ms)[0m  [1m[32mINSERT INTO "ar_internal_metadata" ("key", "value", "created_at", "updated_at") VALUES ($1, $2, $3, $4) RETURNING "key"[0m  [["key", "schema_sha1"], ["value", "36dc60f7dc53dbd5bdda44a63d081c908d65e248"], ["created_at", "2023-02-17 01:42:50.316962"], ["updated_at", "2023-02-17 01:42:50.316962"]]
  [1m[36mTRANSACTION (0.1ms)[0m  [1m[35mCOMMIT[0m
  [1m[36mActiveRecord::SchemaMigration Pluck (0.2ms)[0m  [1m[34mSELECT "schema_migrations"."version" FROM "schema_migrations" ORDER BY "schema_migrations"."version" ASC[0m
  [1m[36mTRANSACTION (0.2ms)[0m  [1m[35mBEGIN[0m
  [1m[36mUser Exists? (1.2ms)[0m  [1m[34mSELECT 1 AS one FROM "users" WHERE "users"."username" = $1 LIMIT $2[0m  [["username", "ajspaghetti"], ["LIMIT", 1]]
  [1m[36mUser Create (0.8ms)[0m  [1m[32mINSERT INTO "users" ("username", "password_digest", "location") VALUES ($1, $2, $3) RETURNING "id"[0m  [["username", "ajspaghetti"], ["password_digest", "[FILTERED]"], ["location", "Boulder, CO"]]
  [1m[36mTRANSACTION (0.6ms)[0m  [1m[35mCOMMIT[0m
  [1m[36mTRANSACTION (0.1ms)[0m  [1m[35mBEGIN[0m
  [1m[36mUser Exists? (0.4ms)[0m  [1m[34mSELECT 1 AS one FROM "users" WHERE "users"."username" = $1 LIMIT $2[0m  [["username", "justgovoyage"], ["LIMIT", 1]]
  [1m[36mUser Create (0.3ms)[0m  [1m[32mINSERT INTO "users" ("username", "password_digest", "location") VALUES ($1, $2, $3) RETURNING "id"[0m  [["username", "justgovoyage"], ["password_digest", "[FILTERED]"], ["location", "San Juan, PR"]]
  [1m[36mTRANSACTION (0.5ms)[0m  [1m[35mCOMMIT[0m
  [1m[36mTRANSACTION (0.1ms)[0m  [1m[35mBEGIN[0m
  [1m[36mDestination Exists? (0.3ms)[0m  [1m[34mSELECT 1 AS one FROM "destinations" WHERE "destinations"."place_name" = $1 LIMIT $2[0m  [["place_name", "Calle San Sebastian"], ["LIMIT", 1]]
  [1m[36mDestination Create (0.6ms)[0m  [1m[32mINSERT INTO "destinations" ("place_name", "city", "region", "country") VALUES ($1, $2, $3, $4) RETURNING "id"[0m  [["place_name", "Calle San Sebastian"], ["city", "San Juan Antiguo"], ["region", "San Juan"], ["country", "Puerto Rico"]]
  [1m[36mTRANSACTION (0.3ms)[0m  [1m[35mCOMMIT[0m
  [1m[36mTRANSACTION (0.1ms)[0m  [1m[35mBEGIN[0m
  [1m[36mDestination Exists? (0.1ms)[0m  [1m[34mSELECT 1 AS one FROM "destinations" WHERE "destinations"."place_name" = $1 LIMIT $2[0m  [["place_name", "Playa Escambron"], ["LIMIT", 1]]
  [1m[36mDestination Create (0.1ms)[0m  [1m[32mINSERT INTO "destinations" ("place_name", "city", "region", "country") VALUES ($1, $2, $3, $4) RETURNING "id"[0m  [["place_name", "Playa Escambron"], ["city", "San Juan Antiguo"], ["region", "San Juan"], ["country", "Puerto Rico"]]
  [1m[36mTRANSACTION (0.1ms)[0m  [1m[35mCOMMIT[0m
  [1m[36mTRANSACTION (0.1ms)[0m  [1m[35mBEGIN[0m
  [1m[36mDestination Exists? (0.2ms)[0m  [1m[34mSELECT 1 AS one FROM "destinations" WHERE "destinations"."place_name" = $1 LIMIT $2[0m  [["place_name", "Cueva del Indio"], ["LIMIT", 1]]
  [1m[36mDestination Create (0.2ms)[0m  [1m[32mINSERT INTO "destinations" ("place_name", "city", "region", "country") VALUES ($1, $2, $3, $4) RETURNING "id"[0m  [["place_name", "Cueva del Indio"], ["city", "Islote"], ["region", "Arecibo"], ["country", "Puerto Rico"]]
  [1m[36mTRANSACTION (0.2ms)[0m  [1m[35mCOMMIT[0m
  [1m[36mTRANSACTION (0.1ms)[0m  [1m[35mBEGIN[0m
  [1m[36mUser Load (0.2ms)[0m  [1m[34mSELECT "users".* FROM "users" WHERE "users"."id" = $1 LIMIT $2[0m  [["id", 1], ["LIMIT", 1]]
  [1m[36mDestination Load (0.2ms)[0m  [1m[34mSELECT "destinations".* FROM "destinations" WHERE "destinations"."id" = $1 LIMIT $2[0m  [["id", 1], ["LIMIT", 1]]
  [1m[36mExperience Create (0.9ms)[0m  [1m[32mINSERT INTO "experiences" ("title", "activity", "description", "rating", "destination_id", "user_id") VALUES ($1, $2, $3, $4, $5, $6) RETURNING "id"[0m  [["title", "Dancing with friends at La Factoria"], ["activity", "Salsa Dancing"], ["description", "We had so much fun out on the town, I highly recommend this bar!"], ["rating", 4], ["destination_id", 1], ["user_id", 1]]
  [1m[36mTRANSACTION (0.5ms)[0m  [1m[35mCOMMIT[0m
  [1m[36mTRANSACTION (0.1ms)[0m  [1m[35mBEGIN[0m
  [1m[36mUser Load (0.2ms)[0m  [1m[34mSELECT "users".* FROM "users" WHERE "users"."id" = $1 LIMIT $2[0m  [["id", 2], ["LIMIT", 1]]
  [1m[36mDestination Load (0.4ms)[0m  [1m[34mSELECT "destinations".* FROM "destinations" WHERE "destinations"."id" = $1 LIMIT $2[0m  [["id", 3], ["LIMIT", 1]]
  [1m[36mExperience Create (0.9ms)[0m  [1m[32mINSERT INTO "experiences" ("title", "activity", "description", "rating", "destination_id", "user_id") VALUES ($1, $2, $3, $4, $5, $6) RETURNING "id"[0m  [["title", "Saw some amazing fish out in Arecibo!"], ["activity", "Snorkeling"], ["description", "The waters were crystal-clear, people were jumping off the sides of the cliffs while rock-climbing too! I got some awesome pictures as well."], ["rating", 3], ["destination_id", 3], ["user_id", 2]]
  [1m[36mTRANSACTION (0.2ms)[0m  [1m[35mCOMMIT[0m
  [1m[36mTRANSACTION (0.1ms)[0m  [1m[35mBEGIN[0m
  [1m[36mUser Load (0.6ms)[0m  [1m[34mSELECT "users".* FROM "users" WHERE "users"."id" = $1 LIMIT $2[0m  [["id", 1], ["LIMIT", 1]]
  [1m[36mDestination Load (0.2ms)[0m  [1m[34mSELECT "destinations".* FROM "destinations" WHERE "destinations"."id" = $1 LIMIT $2[0m  [["id", 2], ["LIMIT", 1]]
  [1m[36mExperience Create (0.2ms)[0m  [1m[32mINSERT INTO "experiences" ("title", "activity", "description", "rating", "destination_id", "user_id") VALUES ($1, $2, $3, $4, $5, $6) RETURNING "id"[0m  [["title", "Saw a MASSIVE shark!"], ["activity", "Snorkeling"], ["description", "We were at the beach with our guide, and there was a HUGE shark when we started snorkeling! The guide told us to ignore it and keep on swimming, but it was crazy how close we got!"], ["rating", 5], ["destination_id", 2], ["user_id", 1]]
  [1m[36mTRANSACTION (0.2ms)[0m  [1m[35mCOMMIT[0m
  [1m[36mUser Load (0.4ms)[0m  [1m[34mSELECT "users".* FROM "users"[0m
  [1m[36mExperience Load (1.6ms)[0m  [1m[34mSELECT "experiences".* FROM "experiences"[0m
  [1m[36mDestination Load (0.9ms)[0m  [1m[34mSELECT "destinations".* FROM "destinations"[0m
  [1m[36mTRANSACTION (0.2ms)[0m  [1m[35mBEGIN[0m
  [1m[36mUser Exists? (0.7ms)[0m  [1m[34mSELECT 1 AS one FROM "users" WHERE "users"."username" IS NULL LIMIT $1[0m  [["LIMIT", 1]]
  [1m[36mTRANSACTION (0.5ms)[0m  [1m[31mROLLBACK[0m
  [1m[36mTRANSACTION (0.1ms)[0m  [1m[35mBEGIN[0m
  [1m[36mUser Exists? (0.6ms)[0m  [1m[34mSELECT 1 AS one FROM "users" WHERE "users"."username" = $1 LIMIT $2[0m  [["username", "ktkleinkenecht"], ["LIMIT", 1]]
  [1m[36mUser Create (0.3ms)[0m  [1m[32mINSERT INTO "users" ("username", "password_digest", "location") VALUES ($1, $2, $3) RETURNING "id"[0m  [["username", "ktkleinkenecht"], ["password_digest", "[FILTERED]"], ["location", "Los Angeles, CA"]]
  [1m[36mTRANSACTION (1.1ms)[0m  [1m[35mCOMMIT[0m
  [1m[36mUser Load (0.3ms)[0m  [1m[34mSELECT "users".* FROM "users" ORDER BY "users"."id" DESC LIMIT $1[0m  [["LIMIT", 1]]
  [1m[36mTRANSACTION (0.2ms)[0m  [1m[35mBEGIN[0m
  [1m[36mDestination Exists? (0.3ms)[0m  [1m[34mSELECT 1 AS one FROM "destinations" WHERE "destinations"."place_name" = $1 LIMIT $2[0m  [["place_name", "Steamboat Resort"], ["LIMIT", 1]]
  [1m[36mDestination Create (0.3ms)[0m  [1m[32mINSERT INTO "destinations" ("place_name", "city", "region", "country") VALUES ($1, $2, $3, $4) RETURNING "id"[0m  [["place_name", "Steamboat Resort"], ["city", "Steamboat Springs"], ["region", "Colorado"], ["country", "United States of America"]]
  [1m[36mTRANSACTION (0.2ms)[0m  [1m[35mCOMMIT[0m
  [1m[36mDestination Load (0.4ms)[0m  [1m[34mSELECT "destinations".* FROM "destinations" ORDER BY "destinations"."id" ASC LIMIT $1[0m  [["LIMIT", 1]]
  [1m[36mExperience Load (0.5ms)[0m  [1m[34mSELECT "experiences".* FROM "experiences" WHERE "experiences"."destination_id" = $1[0m  [["destination_id", 1]]
  [1m[36mDestination Load (0.5ms)[0m  [1m[34mSELECT "destinations".* FROM "destinations" ORDER BY "destinations"."id" ASC LIMIT $1[0m  [["LIMIT", 1]]
  [1m[36mExperience Average (0.9ms)[0m  [1m[34mSELECT AVG("experiences"."rating") FROM "experiences" WHERE "experiences"."destination_id" = $1[0m  [["destination_id", 1]]
  [1m[36mDestination Load (0.3ms)[0m  [1m[34mSELECT "destinations".* FROM "destinations" ORDER BY "destinations"."id" ASC LIMIT $1[0m  [["LIMIT", 1]]
  [1m[36mExperience Load (0.2ms)[0m  [1m[34mSELECT "experiences".* FROM "experiences" WHERE "experiences"."destination_id" = $1[0m  [["destination_id", 1]]
  [1m[36mDestination Load (0.4ms)[0m  [1m[34mSELECT "destinations".* FROM "destinations" ORDER BY "destinations"."id" ASC LIMIT $1[0m  [["LIMIT", 1]]
  [1m[36mExperience Load (0.5ms)[0m  [1m[34mSELECT "experiences".* FROM "experiences" WHERE "experiences"."destination_id" = $1[0m  [["destination_id", 1]]
  [1m[36mDestination Load (0.4ms)[0m  [1m[34mSELECT "destinations".* FROM "destinations" ORDER BY "destinations"."id" ASC LIMIT $1[0m  [["LIMIT", 1]]
  [1m[36mExperience Load (0.2ms)[0m  [1m[34mSELECT "experiences".* FROM "experiences" WHERE "experiences"."destination_id" = $1[0m  [["destination_id", 1]]
  [1m[36mDestination Load (0.4ms)[0m  [1m[34mSELECT "destinations".* FROM "destinations" ORDER BY "destinations"."id" ASC LIMIT $1[0m  [["LIMIT", 1]]
  [1m[36mExperience Load (0.2ms)[0m  [1m[34mSELECT "experiences".* FROM "experiences" WHERE "experiences"."destination_id" = $1[0m  [["destination_id", 1]]
  [1m[36mActiveRecord::SchemaMigration Pluck (0.9ms)[0m  [1m[34mSELECT "schema_migrations"."version" FROM "schema_migrations" ORDER BY "schema_migrations"."version" ASC[0m
  [1m[36mActiveRecord::InternalMetadata Pluck (0.2ms)[0m  [1m[34mSELECT "ar_internal_metadata"."value" FROM "ar_internal_metadata" WHERE "ar_internal_metadata"."key" = $1 LIMIT $2[0m  [["key", "environment"], ["LIMIT", 1]]
  [1m[36mActiveRecord::SchemaMigration Pluck (0.2ms)[0m  [1m[34mSELECT "schema_migrations"."version" FROM "schema_migrations" ORDER BY "schema_migrations"."version" ASC[0m
  [1m[36mActiveRecord::InternalMetadata Pluck (0.3ms)[0m  [1m[34mSELECT "ar_internal_metadata"."value" FROM "ar_internal_metadata" WHERE "ar_internal_metadata"."key" = $1 LIMIT $2[0m  [["key", "environment"], ["LIMIT", 1]]
  [1m[36mActiveRecord::SchemaMigration Pluck (0.2ms)[0m  [1m[34mSELECT "schema_migrations"."version" FROM "schema_migrations" ORDER BY "schema_migrations"."version" ASC[0m
  [1m[36mActiveRecord::InternalMetadata Pluck (0.1ms)[0m  [1m[34mSELECT "ar_internal_metadata"."value" FROM "ar_internal_metadata" WHERE "ar_internal_metadata"."key" = $1 LIMIT $2[0m  [["key", "environment"], ["LIMIT", 1]]
  [1m[35m (28.3ms)[0m  [1m[35mDROP DATABASE IF EXISTS "example_project_development"[0m
  [1m[35m (21.8ms)[0m  [1m[35mDROP DATABASE IF EXISTS "example_project_test"[0m
  [1m[35m (88.4ms)[0m  [1m[35mCREATE DATABASE "example_project_development" ENCODING = 'unicode'[0m
  [1m[35m (35.9ms)[0m  [1m[35mCREATE DATABASE "example_project_test" ENCODING = 'unicode'[0m
  [1m[35mSQL (0.1ms)[0m  [1m[35mCREATE EXTENSION IF NOT EXISTS "plpgsql"[0m
  [1m[35m (0.1ms)[0m  [1m[35mDROP TABLE IF EXISTS "destinations" CASCADE[0m
  [1m[35m (2.2ms)[0m  [1m[35mCREATE TABLE "destinations" ("id" bigserial primary key, "place_name" character varying, "city" character varying, "region" character varying, "country" character varying)[0m
  [1m[35m (0.1ms)[0m  [1m[35mDROP TABLE IF EXISTS "experiences" CASCADE[0m
  [1m[35m (1.0ms)[0m  [1m[35mCREATE TABLE "experiences" ("id" bigserial primary key, "title" character varying, "activity" character varying, "description" character varying, "rating" integer, "destination_id" integer, "user_id" integer)[0m
  [1m[35m (0.1ms)[0m  [1m[35mDROP TABLE IF EXISTS "users" CASCADE[0m
  [1m[35m (0.8ms)[0m  [1m[35mCREATE TABLE "users" ("id" bigserial primary key, "username" character varying, "password_digest" character varying, "location" character varying)[0m
  [1m[35m (0.7ms)[0m  [1m[35mCREATE TABLE "schema_migrations" ("version" character varying NOT NULL PRIMARY KEY)[0m
  [1m[36mActiveRecord::SchemaMigration Pluck (0.1ms)[0m  [1m[34mSELECT "schema_migrations"."version" FROM "schema_migrations" ORDER BY "schema_migrations"."version" ASC[0m
  [1m[35m (0.1ms)[0m  [1m[32mINSERT INTO "schema_migrations" (version) VALUES (20230217000608)[0m
  [1m[35m (0.1ms)[0m  [1m[32mINSERT INTO "schema_migrations" (version) VALUES
(20230217000357),
(20230217000602);

[0m
  [1m[35m (0.6ms)[0m  [1m[35mCREATE TABLE "ar_internal_metadata" ("key" character varying NOT NULL PRIMARY KEY, "value" character varying, "created_at" timestamp(6) NOT NULL, "updated_at" timestamp(6) NOT NULL)[0m
  [1m[36mActiveRecord::InternalMetadata Load (0.1ms)[0m  [1m[34mSELECT "ar_internal_metadata".* FROM "ar_internal_metadata" WHERE "ar_internal_metadata"."key" = $1 LIMIT $2[0m  [["key", "environment"], ["LIMIT", 1]]
  [1m[36mTRANSACTION (0.1ms)[0m  [1m[35mBEGIN[0m
  [1m[36mActiveRecord::InternalMetadata Create (0.2ms)[0m  [1m[32mINSERT INTO "ar_internal_metadata" ("key", "value", "created_at", "updated_at") VALUES ($1, $2, $3, $4) RETURNING "key"[0m  [["key", "environment"], ["value", "development"], ["created_at", "2023-02-17 01:55:24.982728"], ["updated_at", "2023-02-17 01:55:24.982728"]]
  [1m[36mTRANSACTION (0.1ms)[0m  [1m[35mCOMMIT[0m
  [1m[36mActiveRecord::InternalMetadata Load (0.0ms)[0m  [1m[34mSELECT "ar_internal_metadata".* FROM "ar_internal_metadata" WHERE "ar_internal_metadata"."key" = $1 LIMIT $2[0m  [["key", "environment"], ["LIMIT", 1]]
  [1m[36mActiveRecord::InternalMetadata Load (0.0ms)[0m  [1m[34mSELECT "ar_internal_metadata".* FROM "ar_internal_metadata" WHERE "ar_internal_metadata"."key" = $1 LIMIT $2[0m  [["key", "schema_sha1"], ["LIMIT", 1]]
  [1m[36mTRANSACTION (0.0ms)[0m  [1m[35mBEGIN[0m
  [1m[36mActiveRecord::InternalMetadata Create (0.1ms)[0m  [1m[32mINSERT INTO "ar_internal_metadata" ("key", "value", "created_at", "updated_at") VALUES ($1, $2, $3, $4) RETURNING "key"[0m  [["key", "schema_sha1"], ["value", "36dc60f7dc53dbd5bdda44a63d081c908d65e248"], ["created_at", "2023-02-17 01:55:24.985370"], ["updated_at", "2023-02-17 01:55:24.985370"]]
  [1m[36mTRANSACTION (0.1ms)[0m  [1m[35mCOMMIT[0m
  [1m[35mSQL (0.1ms)[0m  [1m[35mCREATE EXTENSION IF NOT EXISTS "plpgsql"[0m
  [1m[35m (0.0ms)[0m  [1m[35mDROP TABLE IF EXISTS "destinations" CASCADE[0m
  [1m[35m (1.8ms)[0m  [1m[35mCREATE TABLE "destinations" ("id" bigserial primary key, "place_name" character varying, "city" character varying, "region" character varying, "country" character varying)[0m
  [1m[35m (0.1ms)[0m  [1m[35mDROP TABLE IF EXISTS "experiences" CASCADE[0m
  [1m[35m (0.9ms)[0m  [1m[35mCREATE TABLE "experiences" ("id" bigserial primary key, "title" character varying, "activity" character varying, "description" character varying, "rating" integer, "destination_id" integer, "user_id" integer)[0m
  [1m[35m (0.1ms)[0m  [1m[35mDROP TABLE IF EXISTS "users" CASCADE[0m
  [1m[35m (0.8ms)[0m  [1m[35mCREATE TABLE "users" ("id" bigserial primary key, "username" character varying, "password_digest" character varying, "location" character varying)[0m
  [1m[35m (0.6ms)[0m  [1m[35mCREATE TABLE "schema_migrations" ("version" character varying NOT NULL PRIMARY KEY)[0m
  [1m[36mActiveRecord::SchemaMigration Pluck (0.1ms)[0m  [1m[34mSELECT "schema_migrations"."version" FROM "schema_migrations" ORDER BY "schema_migrations"."version" ASC[0m
  [1m[35m (0.5ms)[0m  [1m[32mINSERT INTO "schema_migrations" (version) VALUES (20230217000608)[0m
  [1m[35m (0.1ms)[0m  [1m[32mINSERT INTO "schema_migrations" (version) VALUES
(20230217000357),
(20230217000602);

[0m
  [1m[35m (0.6ms)[0m  [1m[35mCREATE TABLE "ar_internal_metadata" ("key" character varying NOT NULL PRIMARY KEY, "value" character varying, "created_at" timestamp(6) NOT NULL, "updated_at" timestamp(6) NOT NULL)[0m
  [1m[36mActiveRecord::InternalMetadata Load (0.1ms)[0m  [1m[34mSELECT "ar_internal_metadata".* FROM "ar_internal_metadata" WHERE "ar_internal_metadata"."key" = $1 LIMIT $2[0m  [["key", "environment"], ["LIMIT", 1]]
  [1m[36mTRANSACTION (0.0ms)[0m  [1m[35mBEGIN[0m
  [1m[36mActiveRecord::InternalMetadata Create (0.1ms)[0m  [1m[32mINSERT INTO "ar_internal_metadata" ("key", "value", "created_at", "updated_at") VALUES ($1, $2, $3, $4) RETURNING "key"[0m  [["key", "environment"], ["value", "development"], ["created_at", "2023-02-17 01:55:25.001977"], ["updated_at", "2023-02-17 01:55:25.001977"]]
  [1m[36mTRANSACTION (0.1ms)[0m  [1m[35mCOMMIT[0m
  [1m[36mActiveRecord::InternalMetadata Load (0.0ms)[0m  [1m[34mSELECT "ar_internal_metadata".* FROM "ar_internal_metadata" WHERE "ar_internal_metadata"."key" = $1 LIMIT $2[0m  [["key", "environment"], ["LIMIT", 1]]
  [1m[36mTRANSACTION (0.0ms)[0m  [1m[35mBEGIN[0m
  [1m[36mActiveRecord::InternalMetadata Update (0.1ms)[0m  [1m[33mUPDATE "ar_internal_metadata" SET "value" = $1, "updated_at" = $2 WHERE "ar_internal_metadata"."key" = $3[0m  [["value", "test"], ["updated_at", "2023-02-17 01:55:25.003586"], ["key", "environment"]]
  [1m[36mTRANSACTION (0.1ms)[0m  [1m[35mCOMMIT[0m
  [1m[36mActiveRecord::InternalMetadata Load (0.0ms)[0m  [1m[34mSELECT "ar_internal_metadata".* FROM "ar_internal_metadata" WHERE "ar_internal_metadata"."key" = $1 LIMIT $2[0m  [["key", "schema_sha1"], ["LIMIT", 1]]
  [1m[36mTRANSACTION (0.0ms)[0m  [1m[35mBEGIN[0m
  [1m[36mActiveRecord::InternalMetadata Create (0.0ms)[0m  [1m[32mINSERT INTO "ar_internal_metadata" ("key", "value", "created_at", "updated_at") VALUES ($1, $2, $3, $4) RETURNING "key"[0m  [["key", "schema_sha1"], ["value", "36dc60f7dc53dbd5bdda44a63d081c908d65e248"], ["created_at", "2023-02-17 01:55:25.005009"], ["updated_at", "2023-02-17 01:55:25.005009"]]
  [1m[36mTRANSACTION (0.1ms)[0m  [1m[35mCOMMIT[0m
  [1m[36mActiveRecord::SchemaMigration Pluck (0.2ms)[0m  [1m[34mSELECT "schema_migrations"."version" FROM "schema_migrations" ORDER BY "schema_migrations"."version" ASC[0m
  [1m[36mTRANSACTION (0.2ms)[0m  [1m[35mBEGIN[0m
  [1m[36mUser Exists? (1.2ms)[0m  [1m[34mSELECT 1 AS one FROM "users" WHERE "users"."username" = $1 LIMIT $2[0m  [["username", "ajspaghetti"], ["LIMIT", 1]]
  [1m[36mUser Create (0.8ms)[0m  [1m[32mINSERT INTO "users" ("username", "password_digest", "location") VALUES ($1, $2, $3) RETURNING "id"[0m  [["username", "ajspaghetti"], ["password_digest", "[FILTERED]"], ["location", "Boulder, CO"]]
  [1m[36mTRANSACTION (0.6ms)[0m  [1m[35mCOMMIT[0m
  [1m[36mTRANSACTION (0.1ms)[0m  [1m[35mBEGIN[0m
  [1m[36mUser Exists? (0.4ms)[0m  [1m[34mSELECT 1 AS one FROM "users" WHERE "users"."username" = $1 LIMIT $2[0m  [["username", "justgovoyage"], ["LIMIT", 1]]
  [1m[36mUser Create (0.4ms)[0m  [1m[32mINSERT INTO "users" ("username", "password_digest", "location") VALUES ($1, $2, $3) RETURNING "id"[0m  [["username", "justgovoyage"], ["password_digest", "[FILTERED]"], ["location", "San Juan, PR"]]
  [1m[36mTRANSACTION (0.7ms)[0m  [1m[35mCOMMIT[0m
  [1m[36mTRANSACTION (0.1ms)[0m  [1m[35mBEGIN[0m
  [1m[36mDestination Exists? (0.3ms)[0m  [1m[34mSELECT 1 AS one FROM "destinations" WHERE "destinations"."place_name" = $1 LIMIT $2[0m  [["place_name", "Calle San Sebastian"], ["LIMIT", 1]]
  [1m[36mDestination Create (0.6ms)[0m  [1m[32mINSERT INTO "destinations" ("place_name", "city", "region", "country") VALUES ($1, $2, $3, $4) RETURNING "id"[0m  [["place_name", "Calle San Sebastian"], ["city", "San Juan Antiguo"], ["region", "San Juan"], ["country", "Puerto Rico"]]
  [1m[36mTRANSACTION (0.3ms)[0m  [1m[35mCOMMIT[0m
  [1m[36mTRANSACTION (0.0ms)[0m  [1m[35mBEGIN[0m
  [1m[36mDestination Exists? (0.1ms)[0m  [1m[34mSELECT 1 AS one FROM "destinations" WHERE "destinations"."place_name" = $1 LIMIT $2[0m  [["place_name", "Playa Escambron"], ["LIMIT", 1]]
  [1m[36mDestination Create (0.2ms)[0m  [1m[32mINSERT INTO "destinations" ("place_name", "city", "region", "country") VALUES ($1, $2, $3, $4) RETURNING "id"[0m  [["place_name", "Playa Escambron"], ["city", "San Juan Antiguo"], ["region", "San Juan"], ["country", "Puerto Rico"]]
  [1m[36mTRANSACTION (0.5ms)[0m  [1m[35mCOMMIT[0m
  [1m[36mTRANSACTION (0.1ms)[0m  [1m[35mBEGIN[0m
  [1m[36mDestination Exists? (0.2ms)[0m  [1m[34mSELECT 1 AS one FROM "destinations" WHERE "destinations"."place_name" = $1 LIMIT $2[0m  [["place_name", "Cueva del Indio"], ["LIMIT", 1]]
  [1m[36mDestination Create (0.2ms)[0m  [1m[32mINSERT INTO "destinations" ("place_name", "city", "region", "country") VALUES ($1, $2, $3, $4) RETURNING "id"[0m  [["place_name", "Cueva del Indio"], ["city", "Islote"], ["region", "Arecibo"], ["country", "Puerto Rico"]]
  [1m[36mTRANSACTION (0.2ms)[0m  [1m[35mCOMMIT[0m
  [1m[36mTRANSACTION (0.0ms)[0m  [1m[35mBEGIN[0m
  [1m[36mUser Load (0.2ms)[0m  [1m[34mSELECT "users".* FROM "users" WHERE "users"."id" = $1 LIMIT $2[0m  [["id", 1], ["LIMIT", 1]]
  [1m[36mDestination Load (0.1ms)[0m  [1m[34mSELECT "destinations".* FROM "destinations" WHERE "destinations"."id" = $1 LIMIT $2[0m  [["id", 1], ["LIMIT", 1]]
  [1m[36mExperience Create (0.8ms)[0m  [1m[32mINSERT INTO "experiences" ("title", "activity", "description", "rating", "destination_id", "user_id") VALUES ($1, $2, $3, $4, $5, $6) RETURNING "id"[0m  [["title", "Dancing with friends at La Factoria"], ["activity", "Salsa Dancing"], ["description", "We had so much fun out on the town, I highly recommend this bar!"], ["rating", 4], ["destination_id", 1], ["user_id", 1]]
  [1m[36mTRANSACTION (0.5ms)[0m  [1m[35mCOMMIT[0m
  [1m[36mTRANSACTION (0.1ms)[0m  [1m[35mBEGIN[0m
  [1m[36mUser Load (0.2ms)[0m  [1m[34mSELECT "users".* FROM "users" WHERE "users"."id" = $1 LIMIT $2[0m  [["id", 2], ["LIMIT", 1]]
  [1m[36mDestination Load (0.2ms)[0m  [1m[34mSELECT "destinations".* FROM "destinations" WHERE "destinations"."id" = $1 LIMIT $2[0m  [["id", 3], ["LIMIT", 1]]
  [1m[36mExperience Create (0.3ms)[0m  [1m[32mINSERT INTO "experiences" ("title", "activity", "description", "rating", "destination_id", "user_id") VALUES ($1, $2, $3, $4, $5, $6) RETURNING "id"[0m  [["title", "Saw some amazing fish out in Arecibo!"], ["activity", "Snorkeling"], ["description", "The waters were crystal-clear, people were jumping off the sides of the cliffs while rock-climbing too! I got some awesome pictures as well."], ["rating", 3], ["destination_id", 3], ["user_id", 2]]
  [1m[36mTRANSACTION (0.4ms)[0m  [1m[35mCOMMIT[0m
  [1m[36mTRANSACTION (0.1ms)[0m  [1m[35mBEGIN[0m
  [1m[36mUser Load (0.1ms)[0m  [1m[34mSELECT "users".* FROM "users" WHERE "users"."id" = $1 LIMIT $2[0m  [["id", 1], ["LIMIT", 1]]
  [1m[36mDestination Load (0.1ms)[0m  [1m[34mSELECT "destinations".* FROM "destinations" WHERE "destinations"."id" = $1 LIMIT $2[0m  [["id", 2], ["LIMIT", 1]]
  [1m[36mExperience Create (0.3ms)[0m  [1m[32mINSERT INTO "experiences" ("title", "activity", "description", "rating", "destination_id", "user_id") VALUES ($1, $2, $3, $4, $5, $6) RETURNING "id"[0m  [["title", "Saw a MASSIVE shark!"], ["activity", "Snorkeling"], ["description", "We were at the beach with our guide, and there was a HUGE shark when we started snorkeling! The guide told us to ignore it and keep on swimming, but it was crazy how close we got!"], ["rating", 5], ["destination_id", 2], ["user_id", 1]]
  [1m[36mTRANSACTION (0.2ms)[0m  [1m[35mCOMMIT[0m
Started GET "/" for ::1 at 2023-02-16 18:57:20 -0700
  [1m[36mActiveRecord::SchemaMigration Pluck (0.9ms)[0m  [1m[34mSELECT "schema_migrations"."version" FROM "schema_migrations" ORDER BY "schema_migrations"."version" ASC[0m
Processing by Rails::WelcomeController#index as */*
  Rendering /Users/alexanderspagnoli/.rvm/gems/ruby-2.7.4/gems/railties-7.0.4/lib/rails/templates/rails/welcome/index.html.erb
  Rendered /Users/alexanderspagnoli/.rvm/gems/ruby-2.7.4/gems/railties-7.0.4/lib/rails/templates/rails/welcome/index.html.erb (Duration: 1.1ms | Allocations: 673)
Completed 200 OK in 8ms (Views: 3.7ms | ActiveRecord: 0.0ms | Allocations: 6502)


Started GET "/activities" for ::1 at 2023-02-16 18:57:24 -0700
  
ActionController::RoutingError (No route matches [GET] "/activities"):
  
Started GET "/destinations" for ::1 at 2023-02-16 18:58:28 -0700
  [1m[36mActiveRecord::SchemaMigration Pluck (0.6ms)[0m  [1m[34mSELECT "schema_migrations"."version" FROM "schema_migrations" ORDER BY "schema_migrations"."version" ASC[0m
  
ArgumentError (Before process_action callback :authenticated_user has not been defined):
  
app/controllers/destinations_controller.rb:3:in `<class:DestinationsController>'
app/controllers/destinations_controller.rb:1:in `<main>'
Started GET "/destination" for ::1 at 2023-02-16 18:58:34 -0700
  
ActionController::RoutingError (No route matches [GET] "/destination"):
  
Started GET "/users" for ::1 at 2023-02-16 18:59:25 -0700
  [1m[36mActiveRecord::SchemaMigration Pluck (0.8ms)[0m  [1m[34mSELECT "schema_migrations"."version" FROM "schema_migrations" ORDER BY "schema_migrations"."version" ASC[0m
  
ArgumentError (Before process_action callback :authenticated_user has not been defined):
  
app/controllers/users_controller.rb:3:in `<class:UsersController>'
app/controllers/users_controller.rb:1:in `<main>'
Started GET "/" for ::1 at 2023-02-16 19:48:03 -0700
  [1m[36mActiveRecord::SchemaMigration Pluck (1.9ms)[0m  [1m[34mSELECT "schema_migrations"."version" FROM "schema_migrations" ORDER BY "schema_migrations"."version" ASC[0m
Processing by Rails::WelcomeController#index as */*
  Rendering /Users/alexanderspagnoli/.rvm/gems/ruby-2.7.4/gems/railties-7.0.4/lib/rails/templates/rails/welcome/index.html.erb
  Rendered /Users/alexanderspagnoli/.rvm/gems/ruby-2.7.4/gems/railties-7.0.4/lib/rails/templates/rails/welcome/index.html.erb (Duration: 0.6ms | Allocations: 565)
Completed 200 OK in 8ms (Views: 1.4ms | ActiveRecord: 0.0ms | Allocations: 5190)


Started GET "/destination/1" for ::1 at 2023-02-16 19:48:17 -0700
  
ActionController::RoutingError (No route matches [GET] "/destination/1"):
  
Started GET "/destination/" for ::1 at 2023-02-16 19:48:18 -0700
  
ActionController::RoutingError (No route matches [GET] "/destination"):
  
Started GET "/destination" for ::1 at 2023-02-16 19:48:19 -0700
  
ActionController::RoutingError (No route matches [GET] "/destination"):
  
Started GET "/destinations" for ::1 at 2023-02-16 19:48:20 -0700
  
ArgumentError (Before process_action callback :authenticated_user has not been defined):
  
app/controllers/destinations_controller.rb:3:in `<class:DestinationsController>'
app/controllers/destinations_controller.rb:1:in `<main>'
  [1m[36mActiveRecord::SchemaMigration Pluck (0.5ms)[0m  [1m[34mSELECT "schema_migrations"."version" FROM "schema_migrations" ORDER BY "schema_migrations"."version" ASC[0m
  [1m[36mActiveRecord::InternalMetadata Pluck (0.4ms)[0m  [1m[34mSELECT "ar_internal_metadata"."value" FROM "ar_internal_metadata" WHERE "ar_internal_metadata"."key" = $1 LIMIT $2[0m  [["key", "environment"], ["LIMIT", 1]]
  [1m[36mActiveRecord::SchemaMigration Pluck (0.2ms)[0m  [1m[34mSELECT "schema_migrations"."version" FROM "schema_migrations" ORDER BY "schema_migrations"."version" ASC[0m
  [1m[36mActiveRecord::InternalMetadata Pluck (0.1ms)[0m  [1m[34mSELECT "ar_internal_metadata"."value" FROM "ar_internal_metadata" WHERE "ar_internal_metadata"."key" = $1 LIMIT $2[0m  [["key", "environment"], ["LIMIT", 1]]
  [1m[36mActiveRecord::SchemaMigration Pluck (0.1ms)[0m  [1m[34mSELECT "schema_migrations"."version" FROM "schema_migrations" ORDER BY "schema_migrations"."version" ASC[0m
  [1m[36mActiveRecord::InternalMetadata Pluck (0.1ms)[0m  [1m[34mSELECT "ar_internal_metadata"."value" FROM "ar_internal_metadata" WHERE "ar_internal_metadata"."key" = $1 LIMIT $2[0m  [["key", "environment"], ["LIMIT", 1]]
  [1m[35m (28.6ms)[0m  [1m[35mDROP DATABASE IF EXISTS "example_project_development"[0m
  [1m[35m (16.2ms)[0m  [1m[35mDROP DATABASE IF EXISTS "example_project_test"[0m
  [1m[35m (87.8ms)[0m  [1m[35mCREATE DATABASE "example_project_development" ENCODING = 'unicode'[0m
  [1m[35m (34.3ms)[0m  [1m[35mCREATE DATABASE "example_project_test" ENCODING = 'unicode'[0m
  [1m[35mSQL (0.1ms)[0m  [1m[35mCREATE EXTENSION IF NOT EXISTS "plpgsql"[0m
  [1m[35m (0.0ms)[0m  [1m[35mDROP TABLE IF EXISTS "destinations" CASCADE[0m
  [1m[35m (2.0ms)[0m  [1m[35mCREATE TABLE "destinations" ("id" bigserial primary key, "place_name" character varying, "city" character varying, "region" character varying, "country" character varying)[0m
  [1m[35m (0.1ms)[0m  [1m[35mDROP TABLE IF EXISTS "experiences" CASCADE[0m
  [1m[35m (1.0ms)[0m  [1m[35mCREATE TABLE "experiences" ("id" bigserial primary key, "title" character varying, "activity" character varying, "description" character varying, "rating" integer, "destination_id" integer, "user_id" integer)[0m
  [1m[35m (0.1ms)[0m  [1m[35mDROP TABLE IF EXISTS "users" CASCADE[0m
  [1m[35m (1.2ms)[0m  [1m[35mCREATE TABLE "users" ("id" bigserial primary key, "username" character varying, "password_digest" character varying, "location" character varying)[0m
  [1m[35m (0.8ms)[0m  [1m[35mCREATE TABLE "schema_migrations" ("version" character varying NOT NULL PRIMARY KEY)[0m
  [1m[36mActiveRecord::SchemaMigration Pluck (0.2ms)[0m  [1m[34mSELECT "schema_migrations"."version" FROM "schema_migrations" ORDER BY "schema_migrations"."version" ASC[0m
  [1m[35m (0.2ms)[0m  [1m[32mINSERT INTO "schema_migrations" (version) VALUES (20230217000608)[0m
  [1m[35m (0.1ms)[0m  [1m[32mINSERT INTO "schema_migrations" (version) VALUES
(20230217000357),
(20230217000602);

[0m
  [1m[35m (0.8ms)[0m  [1m[35mCREATE TABLE "ar_internal_metadata" ("key" character varying NOT NULL PRIMARY KEY, "value" character varying, "created_at" timestamp(6) NOT NULL, "updated_at" timestamp(6) NOT NULL)[0m
  [1m[36mActiveRecord::InternalMetadata Load (0.1ms)[0m  [1m[34mSELECT "ar_internal_metadata".* FROM "ar_internal_metadata" WHERE "ar_internal_metadata"."key" = $1 LIMIT $2[0m  [["key", "environment"], ["LIMIT", 1]]
  [1m[36mTRANSACTION (0.0ms)[0m  [1m[35mBEGIN[0m
  [1m[36mActiveRecord::InternalMetadata Create (0.2ms)[0m  [1m[32mINSERT INTO "ar_internal_metadata" ("key", "value", "created_at", "updated_at") VALUES ($1, $2, $3, $4) RETURNING "key"[0m  [["key", "environment"], ["value", "development"], ["created_at", "2023-02-17 02:53:44.434960"], ["updated_at", "2023-02-17 02:53:44.434960"]]
  [1m[36mTRANSACTION (0.1ms)[0m  [1m[35mCOMMIT[0m
  [1m[36mActiveRecord::InternalMetadata Load (0.0ms)[0m  [1m[34mSELECT "ar_internal_metadata".* FROM "ar_internal_metadata" WHERE "ar_internal_metadata"."key" = $1 LIMIT $2[0m  [["key", "environment"], ["LIMIT", 1]]
  [1m[36mActiveRecord::InternalMetadata Load (0.1ms)[0m  [1m[34mSELECT "ar_internal_metadata".* FROM "ar_internal_metadata" WHERE "ar_internal_metadata"."key" = $1 LIMIT $2[0m  [["key", "schema_sha1"], ["LIMIT", 1]]
  [1m[36mTRANSACTION (0.0ms)[0m  [1m[35mBEGIN[0m
  [1m[36mActiveRecord::InternalMetadata Create (0.1ms)[0m  [1m[32mINSERT INTO "ar_internal_metadata" ("key", "value", "created_at", "updated_at") VALUES ($1, $2, $3, $4) RETURNING "key"[0m  [["key", "schema_sha1"], ["value", "36dc60f7dc53dbd5bdda44a63d081c908d65e248"], ["created_at", "2023-02-17 02:53:44.437708"], ["updated_at", "2023-02-17 02:53:44.437708"]]
  [1m[36mTRANSACTION (0.1ms)[0m  [1m[35mCOMMIT[0m
  [1m[35mSQL (0.1ms)[0m  [1m[35mCREATE EXTENSION IF NOT EXISTS "plpgsql"[0m
  [1m[35m (0.0ms)[0m  [1m[35mDROP TABLE IF EXISTS "destinations" CASCADE[0m
  [1m[35m (2.2ms)[0m  [1m[35mCREATE TABLE "destinations" ("id" bigserial primary key, "place_name" character varying, "city" character varying, "region" character varying, "country" character varying)[0m
  [1m[35m (0.1ms)[0m  [1m[35mDROP TABLE IF EXISTS "experiences" CASCADE[0m
  [1m[35m (1.0ms)[0m  [1m[35mCREATE TABLE "experiences" ("id" bigserial primary key, "title" character varying, "activity" character varying, "description" character varying, "rating" integer, "destination_id" integer, "user_id" integer)[0m
  [1m[35m (0.1ms)[0m  [1m[35mDROP TABLE IF EXISTS "users" CASCADE[0m
  [1m[35m (0.9ms)[0m  [1m[35mCREATE TABLE "users" ("id" bigserial primary key, "username" character varying, "password_digest" character varying, "location" character varying)[0m
  [1m[35m (0.7ms)[0m  [1m[35mCREATE TABLE "schema_migrations" ("version" character varying NOT NULL PRIMARY KEY)[0m
  [1m[36mActiveRecord::SchemaMigration Pluck (0.1ms)[0m  [1m[34mSELECT "schema_migrations"."version" FROM "schema_migrations" ORDER BY "schema_migrations"."version" ASC[0m
  [1m[35m (0.2ms)[0m  [1m[32mINSERT INTO "schema_migrations" (version) VALUES (20230217000608)[0m
  [1m[35m (0.1ms)[0m  [1m[32mINSERT INTO "schema_migrations" (version) VALUES
(20230217000357),
(20230217000602);

[0m
  [1m[35m (0.8ms)[0m  [1m[35mCREATE TABLE "ar_internal_metadata" ("key" character varying NOT NULL PRIMARY KEY, "value" character varying, "created_at" timestamp(6) NOT NULL, "updated_at" timestamp(6) NOT NULL)[0m
  [1m[36mActiveRecord::InternalMetadata Load (0.1ms)[0m  [1m[34mSELECT "ar_internal_metadata".* FROM "ar_internal_metadata" WHERE "ar_internal_metadata"."key" = $1 LIMIT $2[0m  [["key", "environment"], ["LIMIT", 1]]
  [1m[36mTRANSACTION (0.0ms)[0m  [1m[35mBEGIN[0m
  [1m[36mActiveRecord::InternalMetadata Create (0.1ms)[0m  [1m[32mINSERT INTO "ar_internal_metadata" ("key", "value", "created_at", "updated_at") VALUES ($1, $2, $3, $4) RETURNING "key"[0m  [["key", "environment"], ["value", "development"], ["created_at", "2023-02-17 02:53:44.455958"], ["updated_at", "2023-02-17 02:53:44.455958"]]
  [1m[36mTRANSACTION (0.1ms)[0m  [1m[35mCOMMIT[0m
  [1m[36mActiveRecord::InternalMetadata Load (0.0ms)[0m  [1m[34mSELECT "ar_internal_metadata".* FROM "ar_internal_metadata" WHERE "ar_internal_metadata"."key" = $1 LIMIT $2[0m  [["key", "environment"], ["LIMIT", 1]]
  [1m[36mTRANSACTION (0.0ms)[0m  [1m[35mBEGIN[0m
  [1m[36mActiveRecord::InternalMetadata Update (0.1ms)[0m  [1m[33mUPDATE "ar_internal_metadata" SET "value" = $1, "updated_at" = $2 WHERE "ar_internal_metadata"."key" = $3[0m  [["value", "test"], ["updated_at", "2023-02-17 02:53:44.457716"], ["key", "environment"]]
  [1m[36mTRANSACTION (0.1ms)[0m  [1m[35mCOMMIT[0m
  [1m[36mActiveRecord::InternalMetadata Load (0.0ms)[0m  [1m[34mSELECT "ar_internal_metadata".* FROM "ar_internal_metadata" WHERE "ar_internal_metadata"."key" = $1 LIMIT $2[0m  [["key", "schema_sha1"], ["LIMIT", 1]]
  [1m[36mTRANSACTION (0.0ms)[0m  [1m[35mBEGIN[0m
  [1m[36mActiveRecord::InternalMetadata Create (0.0ms)[0m  [1m[32mINSERT INTO "ar_internal_metadata" ("key", "value", "created_at", "updated_at") VALUES ($1, $2, $3, $4) RETURNING "key"[0m  [["key", "schema_sha1"], ["value", "36dc60f7dc53dbd5bdda44a63d081c908d65e248"], ["created_at", "2023-02-17 02:53:44.459161"], ["updated_at", "2023-02-17 02:53:44.459161"]]
  [1m[36mTRANSACTION (0.1ms)[0m  [1m[35mCOMMIT[0m
  [1m[36mActiveRecord::SchemaMigration Pluck (0.2ms)[0m  [1m[34mSELECT "schema_migrations"."version" FROM "schema_migrations" ORDER BY "schema_migrations"."version" ASC[0m
  [1m[36mTRANSACTION (0.1ms)[0m  [1m[35mBEGIN[0m
  [1m[36mUser Exists? (1.1ms)[0m  [1m[34mSELECT 1 AS one FROM "users" WHERE "users"."username" = $1 LIMIT $2[0m  [["username", "ajspaghetti"], ["LIMIT", 1]]
  [1m[36mUser Create (0.8ms)[0m  [1m[32mINSERT INTO "users" ("username", "password_digest", "location") VALUES ($1, $2, $3) RETURNING "id"[0m  [["username", "ajspaghetti"], ["password_digest", "[FILTERED]"], ["location", "Boulder, CO"]]
  [1m[36mTRANSACTION (0.4ms)[0m  [1m[35mCOMMIT[0m
  [1m[36mTRANSACTION (0.1ms)[0m  [1m[35mBEGIN[0m
  [1m[36mUser Exists? (0.4ms)[0m  [1m[34mSELECT 1 AS one FROM "users" WHERE "users"."username" = $1 LIMIT $2[0m  [["username", "justgovoyage"], ["LIMIT", 1]]
  [1m[36mUser Create (0.2ms)[0m  [1m[32mINSERT INTO "users" ("username", "password_digest", "location") VALUES ($1, $2, $3) RETURNING "id"[0m  [["username", "justgovoyage"], ["password_digest", "[FILTERED]"], ["location", "San Juan, PR"]]
  [1m[36mTRANSACTION (0.7ms)[0m  [1m[35mCOMMIT[0m
  [1m[36mTRANSACTION (0.1ms)[0m  [1m[35mBEGIN[0m
  [1m[36mDestination Exists? (0.3ms)[0m  [1m[34mSELECT 1 AS one FROM "destinations" WHERE "destinations"."place_name" = $1 LIMIT $2[0m  [["place_name", "Calle San Sebastian"], ["LIMIT", 1]]
  [1m[36mDestination Create (0.6ms)[0m  [1m[32mINSERT INTO "destinations" ("place_name", "city", "region", "country") VALUES ($1, $2, $3, $4) RETURNING "id"[0m  [["place_name", "Calle San Sebastian"], ["city", "San Juan Antiguo"], ["region", "San Juan"], ["country", "Puerto Rico"]]
  [1m[36mTRANSACTION (0.3ms)[0m  [1m[35mCOMMIT[0m
  [1m[36mTRANSACTION (0.1ms)[0m  [1m[35mBEGIN[0m
  [1m[36mDestination Exists? (0.2ms)[0m  [1m[34mSELECT 1 AS one FROM "destinations" WHERE "destinations"."place_name" = $1 LIMIT $2[0m  [["place_name", "Playa Escambron"], ["LIMIT", 1]]
  [1m[36mDestination Create (0.2ms)[0m  [1m[32mINSERT INTO "destinations" ("place_name", "city", "region", "country") VALUES ($1, $2, $3, $4) RETURNING "id"[0m  [["place_name", "Playa Escambron"], ["city", "San Juan Antiguo"], ["region", "San Juan"], ["country", "Puerto Rico"]]
  [1m[36mTRANSACTION (0.2ms)[0m  [1m[35mCOMMIT[0m
  [1m[36mTRANSACTION (0.1ms)[0m  [1m[35mBEGIN[0m
  [1m[36mDestination Exists? (0.2ms)[0m  [1m[34mSELECT 1 AS one FROM "destinations" WHERE "destinations"."place_name" = $1 LIMIT $2[0m  [["place_name", "Cueva del Indio"], ["LIMIT", 1]]
  [1m[36mDestination Create (0.2ms)[0m  [1m[32mINSERT INTO "destinations" ("place_name", "city", "region", "country") VALUES ($1, $2, $3, $4) RETURNING "id"[0m  [["place_name", "Cueva del Indio"], ["city", "Islote"], ["region", "Arecibo"], ["country", "Puerto Rico"]]
  [1m[36mTRANSACTION (0.2ms)[0m  [1m[35mCOMMIT[0m
  [1m[36mTRANSACTION (0.1ms)[0m  [1m[35mBEGIN[0m
  [1m[36mUser Load (0.2ms)[0m  [1m[34mSELECT "users".* FROM "users" WHERE "users"."id" = $1 LIMIT $2[0m  [["id", 1], ["LIMIT", 1]]
  [1m[36mDestination Load (0.2ms)[0m  [1m[34mSELECT "destinations".* FROM "destinations" WHERE "destinations"."id" = $1 LIMIT $2[0m  [["id", 1], ["LIMIT", 1]]
  [1m[36mExperience Create (0.8ms)[0m  [1m[32mINSERT INTO "experiences" ("title", "activity", "description", "rating", "destination_id", "user_id") VALUES ($1, $2, $3, $4, $5, $6) RETURNING "id"[0m  [["title", "Dancing with friends at La Factoria"], ["activity", "Salsa Dancing"], ["description", "We had so much fun out on the town, I highly recommend this bar!"], ["rating", 4], ["destination_id", 1], ["user_id", 1]]
  [1m[36mTRANSACTION (0.2ms)[0m  [1m[35mCOMMIT[0m
  [1m[36mTRANSACTION (0.1ms)[0m  [1m[35mBEGIN[0m
  [1m[36mUser Load (0.2ms)[0m  [1m[34mSELECT "users".* FROM "users" WHERE "users"."id" = $1 LIMIT $2[0m  [["id", 2], ["LIMIT", 1]]
  [1m[36mDestination Load (0.1ms)[0m  [1m[34mSELECT "destinations".* FROM "destinations" WHERE "destinations"."id" = $1 LIMIT $2[0m  [["id", 3], ["LIMIT", 1]]
  [1m[36mExperience Create (0.2ms)[0m  [1m[32mINSERT INTO "experiences" ("title", "activity", "description", "rating", "destination_id", "user_id") VALUES ($1, $2, $3, $4, $5, $6) RETURNING "id"[0m  [["title", "Saw some amazing fish out in Arecibo!"], ["activity", "Snorkeling"], ["description", "The waters were crystal-clear, people were jumping off the sides of the cliffs while rock-climbing too! I got some awesome pictures as well."], ["rating", 3], ["destination_id", 3], ["user_id", 2]]
  [1m[36mTRANSACTION (0.3ms)[0m  [1m[35mCOMMIT[0m
  [1m[36mTRANSACTION (0.0ms)[0m  [1m[35mBEGIN[0m
  [1m[36mUser Load (0.2ms)[0m  [1m[34mSELECT "users".* FROM "users" WHERE "users"."id" = $1 LIMIT $2[0m  [["id", 1], ["LIMIT", 1]]
  [1m[36mDestination Load (0.1ms)[0m  [1m[34mSELECT "destinations".* FROM "destinations" WHERE "destinations"."id" = $1 LIMIT $2[0m  [["id", 2], ["LIMIT", 1]]
  [1m[36mExperience Create (0.2ms)[0m  [1m[32mINSERT INTO "experiences" ("title", "activity", "description", "rating", "destination_id", "user_id") VALUES ($1, $2, $3, $4, $5, $6) RETURNING "id"[0m  [["title", "Saw a MASSIVE shark!"], ["activity", "Snorkeling"], ["description", "We were at the beach with our guide, and there was a HUGE shark when we started snorkeling! The guide told us to ignore it and keep on swimming, but it was crazy how close we got!"], ["rating", 5], ["destination_id", 2], ["user_id", 1]]
  [1m[36mTRANSACTION (0.2ms)[0m  [1m[35mCOMMIT[0m
Started GET "/users" for ::1 at 2023-02-16 19:53:56 -0700
  [1m[36mActiveRecord::SchemaMigration Pluck (0.7ms)[0m  [1m[34mSELECT "schema_migrations"."version" FROM "schema_migrations" ORDER BY "schema_migrations"."version" ASC[0m
Processing by UsersController#index as */*
  [1m[36mUser Load (0.5ms)[0m  [1m[34mSELECT "users".* FROM "users" WHERE "users"."id" IS NULL LIMIT $1[0m  [["LIMIT", 1]]
  ↳ app/controllers/application_controller.rb:15:in `authenticated_user'
Completed 500 Internal Server Error in 10ms (ActiveRecord: 2.6ms | Allocations: 6884)


  
NameError (undefined local variable or method `unauthorized' for #<UsersController:0x00000000009650>
Did you mean?  authorize):
  
app/controllers/application_controller.rb:17:in `authenticated_user'
Started GET "/destinations" for ::1 at 2023-02-16 19:54:09 -0700
Processing by DestinationsController#index as */*
  [1m[36mDestination Load (0.8ms)[0m  [1m[34mSELECT "destinations".* FROM "destinations"[0m
  ↳ app/controllers/destinations_controller.rb:10:in `index'
[active_model_serializers] Rendered ActiveModel::Serializer::CollectionSerializer with ActiveModelSerializers::Adapter::Attributes (0.45ms)
Completed 200 OK in 39ms (Views: 17.7ms | ActiveRecord: 5.2ms | Allocations: 33168)


Started GET "/user" for ::1 at 2023-02-16 19:54:17 -0700
  
ActionController::RoutingError (No route matches [GET] "/user"):
  
Started GET "/me" for ::1 at 2023-02-16 19:54:23 -0700
Processing by UsersController#show as */*
[active_model_serializers] Rendered ActiveModel::Serializer::Null with Class (0.08ms)
Completed 200 OK in 17ms (Views: 16.3ms | ActiveRecord: 0.0ms | Allocations: 2031)


Started GET "/" for ::1 at 2023-02-16 19:54:25 -0700
Processing by Rails::WelcomeController#index as */*
  Rendering /Users/alexanderspagnoli/.rvm/gems/ruby-2.7.4/gems/railties-7.0.4/lib/rails/templates/rails/welcome/index.html.erb
  Rendered /Users/alexanderspagnoli/.rvm/gems/ruby-2.7.4/gems/railties-7.0.4/lib/rails/templates/rails/welcome/index.html.erb (Duration: 1.1ms | Allocations: 565)
Completed 200 OK in 8ms (Views: 2.9ms | ActiveRecord: 0.0ms | Allocations: 5182)


Started GET "/experiences" for ::1 at 2023-02-16 19:54:30 -0700
Processing by ExperiencesController#index as */*
  [1m[36mExperience Load (0.5ms)[0m  [1m[34mSELECT "experiences".* FROM "experiences"[0m
  ↳ app/controllers/experiences_controller.rb:10:in `index'
[active_model_serializers]   [1m[36mUser Load (0.3ms)[0m  [1m[34mSELECT "users".* FROM "users" WHERE "users"."id" = $1 LIMIT $2[0m  [["id", 1], ["LIMIT", 1]]
[active_model_serializers]   ↳ app/controllers/experiences_controller.rb:10:in `index'
[active_model_serializers]   [1m[36mDestination Load (0.2ms)[0m  [1m[34mSELECT "destinations".* FROM "destinations" WHERE "destinations"."id" = $1 LIMIT $2[0m  [["id", 1], ["LIMIT", 1]]
[active_model_serializers]   ↳ app/controllers/experiences_controller.rb:10:in `index'
[active_model_serializers]   [1m[36mUser Load (0.1ms)[0m  [1m[34mSELECT "users".* FROM "users" WHERE "users"."id" = $1 LIMIT $2[0m  [["id", 2], ["LIMIT", 1]]
[active_model_serializers]   ↳ app/controllers/experiences_controller.rb:10:in `index'
[active_model_serializers]   [1m[36mDestination Load (0.2ms)[0m  [1m[34mSELECT "destinations".* FROM "destinations" WHERE "destinations"."id" = $1 LIMIT $2[0m  [["id", 3], ["LIMIT", 1]]
[active_model_serializers]   ↳ app/controllers/experiences_controller.rb:10:in `index'
[active_model_serializers]   [1m[36mCACHE User Load (0.0ms)[0m  [1m[34mSELECT "users".* FROM "users" WHERE "users"."id" = $1 LIMIT $2[0m  [["id", 1], ["LIMIT", 1]]
[active_model_serializers]   ↳ app/controllers/experiences_controller.rb:10:in `index'
[active_model_serializers]   [1m[36mDestination Load (0.3ms)[0m  [1m[34mSELECT "destinations".* FROM "destinations" WHERE "destinations"."id" = $1 LIMIT $2[0m  [["id", 2], ["LIMIT", 1]]
[active_model_serializers]   ↳ app/controllers/experiences_controller.rb:10:in `index'
[active_model_serializers]   [1m[36mExperience Load (0.2ms)[0m  [1m[34mSELECT "experiences".* FROM "experiences" WHERE "experiences"."user_id" = $1[0m  [["user_id", 1]]
[active_model_serializers]   ↳ app/serializers/user_serializer.rb:6:in `number_of_exps'
[active_model_serializers]   [1m[36mExperience Load (0.1ms)[0m  [1m[34mSELECT "experiences".* FROM "experiences" WHERE "experiences"."user_id" = $1[0m  [["user_id", 2]]
[active_model_serializers]   ↳ app/serializers/user_serializer.rb:6:in `number_of_exps'
[active_model_serializers]   [1m[36mCACHE Experience Load (0.0ms)[0m  [1m[34mSELECT "experiences".* FROM "experiences" WHERE "experiences"."user_id" = $1[0m  [["user_id", 1]]
[active_model_serializers]   ↳ app/serializers/user_serializer.rb:6:in `number_of_exps'
[active_model_serializers] Rendered ActiveModel::Serializer::CollectionSerializer with ActiveModelSerializers::Adapter::Attributes (26.1ms)
Completed 200 OK in 55ms (Views: 40.8ms | ActiveRecord: 7.9ms | Allocations: 47635)


